<?xml version="1.0" encoding="UTF-8"?>
<testsuite xmlns:xsi="http://www.w3.org/2001/XMLSchema-instance" xsi:noNamespaceSchemaLocation="https://maven.apache.org/surefire/maven-surefire-plugin/xsd/surefire-test-report-3.0.xsd" version="3.0" name="unit.cm_futures.account.TestCMAccountInformation" time="0.001" tests="1" errors="0" skipped="0" failures="0">
  <properties>
[...]
</properties>
  <testcase name="testAccountInformation" classname="unit.cm_futures.account.TestCMAccountInformation" time="0.0">
    <system-out><![CDATA[2025-08-11 13:08:35.926[1754917715926] | INFO  | main       | c.b.c.f.client.utils.RequestHandler  - GET http://localhost:49303//dapi/v1/account?timestamp=1754917715926&signature=07e0e5604c5b0b7f02e65b7eee5494000dc2a14be3fdc2d4334447a23913ea87
]]></system-out>
  </testcase>
</testsuite>